  logger.c
d:\work\luckin\luckinsense\fileserver\common\logger.c(133): warning C4996: 'fopen': This function or variable may be unsafe. Consider using fopen_s instead. To disable deprecation, use _CRT_SECURE_NO_WARNINGS. See online help for details.
  c:\program files (x86)\windows kits\10\include\10.0.17134.0\ucrt\stdio.h(208): note: 参见“fopen”的声明
d:\work\luckin\luckinsense\fileserver\common\logger.c(176): warning C4013: “log_path”未定义；假设外部返回 int
d:\work\luckin\luckinsense\fileserver\common\logger.c(176): warning C4022: “memcpy”: 指针与实参 2 不匹配
d:\work\luckin\luckinsense\fileserver\common\logger.c(176): warning C4047: “函数”:“const char *”与“int”的间接级别不同
d:\work\luckin\luckinsense\fileserver\common\logger.c(176): warning C4024: “strlen”: 形参和实参 1 的类型不同
d:\work\luckin\luckinsense\fileserver\common\logger.c(180): warning C4047: “函数”:“const char *”与“size_t”的间接级别不同
d:\work\luckin\luckinsense\fileserver\common\logger.c(180): warning C4024: “strlen”: 形参和实参 1 的类型不同
d:\work\luckin\luckinsense\fileserver\common\logger.c(181): warning C4047: “函数”:“const char *”与“size_t”的间接级别不同
d:\work\luckin\luckinsense\fileserver\common\logger.c(181): warning C4024: “strlen”: 形参和实参 1 的类型不同
d:\work\luckin\luckinsense\fileserver\common\logger.c(166): warning C4996: 'localtime': This function or variable may be unsafe. Consider using localtime_s instead. To disable deprecation, use _CRT_SECURE_NO_WARNINGS. See online help for details.
  c:\program files (x86)\windows kits\10\include\10.0.17134.0\ucrt\time.h(506): note: 参见“localtime”的声明
d:\work\luckin\luckinsense\fileserver\common\logger.c(178): warning C4996: 'strcat': This function or variable may be unsafe. Consider using strcat_s instead. To disable deprecation, use _CRT_SECURE_NO_WARNINGS. See online help for details.
  c:\program files (x86)\windows kits\10\include\10.0.17134.0\ucrt\string.h(90): note: 参见“strcat”的声明
  http.c
d:\work\luckin\luckinsense\fileserver\httpd\http.c(82): warning C4133: “函数”: 从“int *”到“uint16_t *”的类型不兼容
d:\work\luckin\luckinsense\fileserver\httpd\http.c(118): warning C4996: 'inet_ntoa': Use inet_ntop() or InetNtop() instead or define _WINSOCK_DEPRECATED_NO_WARNINGS to disable deprecated API warnings
  c:\program files (x86)\windows kits\10\include\10.0.17134.0\um\winsock2.h(1848): note: 参见“inet_ntoa”的声明
d:\work\luckin\luckinsense\fileserver\httpd\http.c(163): warning C4090: “函数”: 不同的“const”限定符
d:\work\luckin\luckinsense\fileserver\httpd\http.c(516): warning C4013: “calcCrcCode”未定义；假设外部返回 int
d:\work\luckin\luckinsense\fileserver\httpd\http.c(573): warning C4018: “>”: 有符号/无符号不匹配
d:\work\luckin\luckinsense\fileserver\httpd\http.c(901): warning C4047: “=”:“uint32_t”与“void *”的间接级别不同
d:\work\luckin\luckinsense\fileserver\httpd\http.c(1366): warning C4018: “<”: 有符号/无符号不匹配
  mergepipe.c
d:\work\luckin\luckinsense\fileserver\httpd\mergepipe.c(18): error C2065: “O_WRONLY”: 未声明的标识符
d:\work\luckin\luckinsense\fileserver\httpd\mergepipe.c(20): warning C4013: “access”未定义；假设外部返回 int
d:\work\luckin\luckinsense\fileserver\httpd\mergepipe.c(20): error C2065: “F_OK”: 未声明的标识符
d:\work\luckin\luckinsense\fileserver\httpd\mergepipe.c(22): warning C4013: “mkfifo”未定义；假设外部返回 int
d:\work\luckin\luckinsense\fileserver\httpd\mergepipe.c(25): warning C4013: “fprintf”未定义；假设外部返回 int
d:\work\luckin\luckinsense\fileserver\httpd\mergepipe.c(25): error C2065: “stderr”: 未声明的标识符
d:\work\luckin\luckinsense\fileserver\httpd\mergepipe.c(26): warning C4013: “exit”未定义；假设外部返回 int
d:\work\luckin\luckinsense\fileserver\httpd\mergepipe.c(29): warning C4013: “printf”未定义；假设外部返回 int
d:\work\luckin\luckinsense\fileserver\httpd\mergepipe.c(29): warning C4013: “getpid”未定义；假设外部返回 int
d:\work\luckin\luckinsense\fileserver\httpd\mergepipe.c(32): warning C4013: “open”未定义；假设外部返回 int
d:\work\luckin\luckinsense\fileserver\httpd\mergepipe.c(39): warning C4013: “close”未定义；假设外部返回 int
d:\work\luckin\luckinsense\fileserver\httpd\mergepipe.c(47): warning C4013: “write”未定义；假设外部返回 int
d:\work\luckin\luckinsense\fileserver\httpd\mergepipe.c(50): error C2065: “stderr”: 未声明的标识符
d:\work\luckin\luckinsense\fileserver\httpd\mergepipe.c(53): error C2065: “stderr”: 未声明的标识符
  正在生成代码...
d:\work\luckin\luckinsense\fileserver\httpd\http.c(804): warning C4715: “read_request_boundary”: 不是所有的控件路径都返回值
